[23-Jan-2019 10:40:33 UTC] PHP Warning:  mysqli_stmt_bind_result(): Number of bind variables doesn't match number of fields in prepared statement in /srv/www/htdocs/monitor/svg_viewer/admin/ind_bearb.php on line 212
[23-Jan-2019 10:40:43 UTC] PHP Warning:  mysqli_stmt_bind_result(): Number of bind variables doesn't match number of fields in prepared statement in /srv/www/htdocs/monitor/svg_viewer/admin/ind_bearb.php on line 212
[23-Jan-2019 10:40:54 UTC] PHP Warning:  mysqli_stmt_bind_result(): Number of bind variables doesn't match number of fields in prepared statement in /srv/www/htdocs/monitor/svg_viewer/admin/ind_bearb.php on line 212
[18-Feb-2019 12:42:00 UTC] PHP Warning:  mysqli_stmt_bind_result(): Number of bind variables doesn't match number of fields in prepared statement in /srv/www/htdocs/monitor/svg_viewer/admin/ind_bearb.php on line 212
[18-Feb-2019 12:43:53 UTC] PHP Warning:  mysqli_stmt_bind_result(): Number of bind variables doesn't match number of fields in prepared statement in /srv/www/htdocs/monitor/svg_viewer/admin/ind_bearb.php on line 212
[18-Feb-2019 12:54:24 UTC] PHP Warning:  mysqli_stmt_bind_result(): Number of bind variables doesn't match number of fields in prepared statement in /srv/www/htdocs/monitor/svg_viewer/admin/ind_bearb.php on line 212
[18-Feb-2019 13:23:22 UTC] PHP Warning:  mysqli_stmt_bind_result(): Number of bind variables doesn't match number of fields in prepared statement in /srv/www/htdocs/monitor/svg_viewer/admin/ind_bearb.php on line 212
[18-Feb-2019 13:40:41 UTC] PHP Warning:  mysqli_stmt_bind_result(): Number of bind variables doesn't match number of fields in prepared statement in /srv/www/htdocs/monitor/svg_viewer/admin/ind_bearb.php on line 212
[18-Feb-2019 14:18:55 UTC] PHP Warning:  mysqli_stmt_bind_result(): Number of bind variables doesn't match number of fields in prepared statement in /srv/www/htdocs/monitor/svg_viewer/admin/ind_bearb.php on line 212
[18-Feb-2019 16:00:20 UTC] PHP Warning:  mysqli_stmt_bind_result(): Number of bind variables doesn't match number of fields in prepared statement in /srv/www/htdocs/monitor/svg_viewer/admin/ind_bearb.php on line 212
[19-Feb-2019 09:34:49 UTC] PHP Warning:  mysqli_stmt_bind_result(): Number of bind variables doesn't match number of fields in prepared statement in /srv/www/htdocs/monitor/svg_viewer/admin/ind_bearb.php on line 212
[19-Feb-2019 09:34:56 UTC] PHP Warning:  mysqli_stmt_bind_result(): Number of bind variables doesn't match number of fields in prepared statement in /srv/www/htdocs/monitor/svg_viewer/admin/ind_bearb.php on line 212
[19-Feb-2019 09:42:33 UTC] PHP Warning:  mysqli_stmt_bind_result(): Number of bind variables doesn't match number of fields in prepared statement in /srv/www/htdocs/monitor/svg_viewer/admin/ind_bearb.php on line 212
[19-Feb-2019 09:43:10 UTC] PHP Warning:  mysqli_stmt_bind_result(): Number of bind variables doesn't match number of fields in prepared statement in /srv/www/htdocs/monitor/svg_viewer/admin/ind_bearb.php on line 212
[19-Feb-2019 09:43:14 UTC] PHP Warning:  mysqli_stmt_bind_result(): Number of bind variables doesn't match number of fields in prepared statement in /srv/www/htdocs/monitor/svg_viewer/admin/ind_bearb.php on line 212
[19-Feb-2019 09:45:13 UTC] PHP Warning:  mysqli_stmt_bind_result(): Number of bind variables doesn't match number of fields in prepared statement in /srv/www/htdocs/monitor/svg_viewer/admin/ind_bearb.php on line 212
[19-Feb-2019 09:45:15 UTC] PHP Warning:  mysqli_stmt_bind_result(): Number of bind variables doesn't match number of fields in prepared statement in /srv/www/htdocs/monitor/svg_viewer/admin/ind_bearb.php on line 212
[19-Feb-2019 09:45:28 UTC] PHP Warning:  mysqli_stmt_bind_result(): Number of bind variables doesn't match number of fields in prepared statement in /srv/www/htdocs/monitor/svg_viewer/admin/ind_bearb.php on line 212
[19-Feb-2019 09:45:31 UTC] PHP Warning:  mysqli_stmt_bind_result(): Number of bind variables doesn't match number of fields in prepared statement in /srv/www/htdocs/monitor/svg_viewer/admin/ind_bearb.php on line 212
[20-Feb-2019 12:49:09 UTC] PHP Warning:  mysqli_stmt_bind_result(): Number of bind variables doesn't match number of fields in prepared statement in /srv/www/htdocs/monitor/svg_viewer/admin/ind_bearb.php on line 212
[20-Feb-2019 12:50:10 UTC] PHP Warning:  mysqli_stmt_bind_result(): Number of bind variables doesn't match number of fields in prepared statement in /srv/www/htdocs/monitor/svg_viewer/admin/ind_bearb.php on line 212
[20-Feb-2019 12:51:26 UTC] PHP Warning:  mysqli_stmt_bind_result(): Number of bind variables doesn't match number of fields in prepared statement in /srv/www/htdocs/monitor/svg_viewer/admin/ind_bearb.php on line 212
[20-Feb-2019 13:07:43 UTC] PHP Warning:  mysqli_stmt_bind_result(): Number of bind variables doesn't match number of fields in prepared statement in /srv/www/htdocs/monitor/svg_viewer/admin/ind_bearb.php on line 212
[26-Feb-2019 10:28:49 UTC] PHP Warning:  mysqli_stmt_bind_result(): Number of bind variables doesn't match number of fields in prepared statement in /srv/www/htdocs/monitor/svg_viewer/admin/ind_bearb.php on line 212
[26-Feb-2019 10:29:11 UTC] PHP Warning:  mysqli_stmt_bind_result(): Number of bind variables doesn't match number of fields in prepared statement in /srv/www/htdocs/monitor/svg_viewer/admin/ind_bearb.php on line 212
[26-Feb-2019 10:29:39 UTC] PHP Warning:  mysqli_stmt_bind_result(): Number of bind variables doesn't match number of fields in prepared statement in /srv/www/htdocs/monitor/svg_viewer/admin/ind_bearb.php on line 212
[27-Feb-2019 09:05:37 UTC] PHP Warning:  mysqli_stmt_bind_result(): Number of bind variables doesn't match number of fields in prepared statement in /srv/www/htdocs/monitor/svg_viewer/admin/ind_bearb.php on line 212
[27-Feb-2019 09:06:11 UTC] PHP Warning:  mysqli_stmt_bind_result(): Number of bind variables doesn't match number of fields in prepared statement in /srv/www/htdocs/monitor/svg_viewer/admin/ind_bearb.php on line 212
[06-Mar-2019 12:59:12 UTC] PHP Warning:  mysqli_stmt_bind_result(): Number of bind variables doesn't match number of fields in prepared statement in /srv/www/htdocs/monitor/svg_viewer/admin/ind_bearb.php on line 212
[06-Mar-2019 13:00:05 UTC] PHP Warning:  mysqli_stmt_bind_result(): Number of bind variables doesn't match number of fields in prepared statement in /srv/www/htdocs/monitor/svg_viewer/admin/ind_bearb.php on line 212
[06-Mar-2019 13:00:35 UTC] PHP Warning:  mysqli_stmt_bind_result(): Number of bind variables doesn't match number of fields in prepared statement in /srv/www/htdocs/monitor/svg_viewer/admin/ind_bearb.php on line 212
[06-Mar-2019 13:01:21 UTC] PHP Warning:  mysqli_stmt_bind_result(): Number of bind variables doesn't match number of fields in prepared statement in /srv/www/htdocs/monitor/svg_viewer/admin/ind_bearb.php on line 212
[06-Mar-2019 13:03:05 UTC] PHP Warning:  mysqli_stmt_bind_result(): Number of bind variables doesn't match number of fields in prepared statement in /srv/www/htdocs/monitor/svg_viewer/admin/ind_bearb.php on line 212
[06-Mar-2019 15:59:47 UTC] PHP Warning:  mysqli_stmt_bind_result(): Number of bind variables doesn't match number of fields in prepared statement in /srv/www/htdocs/monitor/svg_viewer/admin/ind_bearb.php on line 212
[06-Mar-2019 15:59:48 UTC] PHP Warning:  mysqli_stmt_bind_result(): Number of bind variables doesn't match number of fields in prepared statement in /srv/www/htdocs/monitor/svg_viewer/admin/ind_bearb.php on line 212
[06-Mar-2019 16:00:26 UTC] PHP Warning:  mysqli_stmt_bind_result(): Number of bind variables doesn't match number of fields in prepared statement in /srv/www/htdocs/monitor/svg_viewer/admin/ind_bearb.php on line 212
[06-Mar-2019 16:00:28 UTC] PHP Warning:  mysqli_stmt_bind_result(): Number of bind variables doesn't match number of fields in prepared statement in /srv/www/htdocs/monitor/svg_viewer/admin/ind_bearb.php on line 212
[06-Mar-2019 16:00:39 UTC] PHP Warning:  mysqli_stmt_bind_result(): Number of bind variables doesn't match number of fields in prepared statement in /srv/www/htdocs/monitor/svg_viewer/admin/ind_bearb.php on line 212
[06-Mar-2019 16:00:42 UTC] PHP Warning:  mysqli_stmt_bind_result(): Number of bind variables doesn't match number of fields in prepared statement in /srv/www/htdocs/monitor/svg_viewer/admin/ind_bearb.php on line 212
[06-Mar-2019 16:00:59 UTC] PHP Warning:  mysqli_stmt_bind_result(): Number of bind variables doesn't match number of fields in prepared statement in /srv/www/htdocs/monitor/svg_viewer/admin/ind_bearb.php on line 212
[06-Mar-2019 16:01:01 UTC] PHP Warning:  mysqli_stmt_bind_result(): Number of bind variables doesn't match number of fields in prepared statement in /srv/www/htdocs/monitor/svg_viewer/admin/ind_bearb.php on line 212
[06-Mar-2019 16:01:47 UTC] PHP Warning:  mysqli_stmt_bind_result(): Number of bind variables doesn't match number of fields in prepared statement in /srv/www/htdocs/monitor/svg_viewer/admin/ind_bearb.php on line 212
[06-Mar-2019 16:01:49 UTC] PHP Warning:  mysqli_stmt_bind_result(): Number of bind variables doesn't match number of fields in prepared statement in /srv/www/htdocs/monitor/svg_viewer/admin/ind_bearb.php on line 212
[06-Mar-2019 16:02:09 UTC] PHP Warning:  mysqli_stmt_bind_result(): Number of bind variables doesn't match number of fields in prepared statement in /srv/www/htdocs/monitor/svg_viewer/admin/ind_bearb.php on line 212
[06-Mar-2019 16:02:11 UTC] PHP Warning:  mysqli_stmt_bind_result(): Number of bind variables doesn't match number of fields in prepared statement in /srv/www/htdocs/monitor/svg_viewer/admin/ind_bearb.php on line 212
[06-Mar-2019 16:02:33 UTC] PHP Warning:  mysqli_stmt_bind_result(): Number of bind variables doesn't match number of fields in prepared statement in /srv/www/htdocs/monitor/svg_viewer/admin/ind_bearb.php on line 212
[06-Mar-2019 16:02:35 UTC] PHP Warning:  mysqli_stmt_bind_result(): Number of bind variables doesn't match number of fields in prepared statement in /srv/www/htdocs/monitor/svg_viewer/admin/ind_bearb.php on line 212
[06-Mar-2019 16:18:27 UTC] PHP Warning:  mysqli_stmt_bind_result(): Number of bind variables doesn't match number of fields in prepared statement in /srv/www/htdocs/monitor/svg_viewer/admin/ind_bearb.php on line 212
[06-Mar-2019 16:18:29 UTC] PHP Warning:  mysqli_stmt_bind_result(): Number of bind variables doesn't match number of fields in prepared statement in /srv/www/htdocs/monitor/svg_viewer/admin/ind_bearb.php on line 212
[06-Mar-2019 16:28:22 UTC] PHP Warning:  mysqli_stmt_bind_result(): Number of bind variables doesn't match number of fields in prepared statement in /srv/www/htdocs/monitor/svg_viewer/admin/ind_bearb.php on line 212
[06-Mar-2019 16:28:54 UTC] PHP Warning:  mysqli_stmt_bind_result(): Number of bind variables doesn't match number of fields in prepared statement in /srv/www/htdocs/monitor/svg_viewer/admin/ind_bearb.php on line 212
[06-Mar-2019 16:28:59 UTC] PHP Warning:  mysqli_stmt_bind_result(): Number of bind variables doesn't match number of fields in prepared statement in /srv/www/htdocs/monitor/svg_viewer/admin/ind_bearb.php on line 212
[12-Mar-2019 17:52:43 UTC] PHP Warning:  mysqli_stmt_bind_result(): Number of bind variables doesn't match number of fields in prepared statement in /srv/www/htdocs/monitor/svg_viewer/admin/ind_bearb.php on line 212
[19-Mar-2019 15:57:57 UTC] PHP Warning:  mysqli_stmt_bind_result(): Number of bind variables doesn't match number of fields in prepared statement in /srv/www/htdocs/monitor/svg_viewer/admin/ind_bearb.php on line 212
[26-Mar-2019 15:20:37 UTC] PHP Warning:  mysqli_stmt_bind_result(): Number of bind variables doesn't match number of fields in prepared statement in /srv/www/htdocs/monitor/svg_viewer/admin/ind_bearb.php on line 212
[26-Mar-2019 15:20:42 UTC] PHP Warning:  mysqli_stmt_bind_result(): Number of bind variables doesn't match number of fields in prepared statement in /srv/www/htdocs/monitor/svg_viewer/admin/ind_bearb.php on line 212
[26-Mar-2019 15:20:44 UTC] PHP Warning:  mysqli_stmt_bind_result(): Number of bind variables doesn't match number of fields in prepared statement in /srv/www/htdocs/monitor/svg_viewer/admin/ind_bearb.php on line 212
[26-Mar-2019 15:21:08 UTC] PHP Warning:  mysqli_stmt_bind_result(): Number of bind variables doesn't match number of fields in prepared statement in /srv/www/htdocs/monitor/svg_viewer/admin/ind_bearb.php on line 212
[26-Mar-2019 15:21:10 UTC] PHP Warning:  mysqli_stmt_bind_result(): Number of bind variables doesn't match number of fields in prepared statement in /srv/www/htdocs/monitor/svg_viewer/admin/ind_bearb.php on line 212
[28-Mar-2019 09:41:22 UTC] PHP Warning:  mysqli_stmt_bind_result(): Number of bind variables doesn't match number of fields in prepared statement in /srv/www/htdocs/monitor/svg_viewer/admin/ind_bearb.php on line 212
[28-Mar-2019 09:42:50 UTC] PHP Warning:  mysqli_stmt_bind_result(): Number of bind variables doesn't match number of fields in prepared statement in /srv/www/htdocs/monitor/svg_viewer/admin/ind_bearb.php on line 212
[28-Mar-2019 09:42:57 UTC] PHP Warning:  mysqli_stmt_bind_result(): Number of bind variables doesn't match number of fields in prepared statement in /srv/www/htdocs/monitor/svg_viewer/admin/ind_bearb.php on line 212
[28-Mar-2019 09:43:50 UTC] PHP Warning:  mysqli_stmt_bind_result(): Number of bind variables doesn't match number of fields in prepared statement in /srv/www/htdocs/monitor/svg_viewer/admin/ind_bearb.php on line 212
[28-Mar-2019 09:47:31 UTC] PHP Warning:  mysqli_stmt_bind_result(): Number of bind variables doesn't match number of fields in prepared statement in /srv/www/htdocs/monitor/svg_viewer/admin/ind_bearb.php on line 212
[29-Mar-2019 07:31:10 UTC] PHP Warning:  mysqli_stmt_bind_result(): Number of bind variables doesn't match number of fields in prepared statement in /srv/www/htdocs/monitor/svg_viewer/admin/ind_bearb.php on line 212
[29-Mar-2019 07:31:13 UTC] PHP Warning:  mysqli_stmt_bind_result(): Number of bind variables doesn't match number of fields in prepared statement in /srv/www/htdocs/monitor/svg_viewer/admin/ind_bearb.php on line 212
[13-May-2019 11:53:44 UTC] PHP Warning:  mysqli_stmt_bind_result(): Number of bind variables doesn't match number of fields in prepared statement in /srv/www/htdocs/monitor/svg_viewer/admin/ind_bearb.php on line 212
[13-May-2019 11:53:48 UTC] PHP Warning:  mysqli_stmt_bind_result(): Number of bind variables doesn't match number of fields in prepared statement in /srv/www/htdocs/monitor/svg_viewer/admin/ind_bearb.php on line 212
[13-May-2019 11:53:50 UTC] PHP Warning:  mysqli_stmt_bind_result(): Number of bind variables doesn't match number of fields in prepared statement in /srv/www/htdocs/monitor/svg_viewer/admin/ind_bearb.php on line 212
[13-May-2019 11:53:52 UTC] PHP Warning:  mysqli_stmt_bind_result(): Number of bind variables doesn't match number of fields in prepared statement in /srv/www/htdocs/monitor/svg_viewer/admin/ind_bearb.php on line 212
[13-May-2019 11:55:01 UTC] PHP Warning:  mysqli_stmt_bind_result(): Number of bind variables doesn't match number of fields in prepared statement in /srv/www/htdocs/monitor/svg_viewer/admin/ind_bearb.php on line 212
[13-May-2019 11:55:03 UTC] PHP Warning:  mysqli_stmt_bind_result(): Number of bind variables doesn't match number of fields in prepared statement in /srv/www/htdocs/monitor/svg_viewer/admin/ind_bearb.php on line 212
[20-May-2019 15:58:16 UTC] PHP Warning:  mysqli_stmt_bind_result(): Number of bind variables doesn't match number of fields in prepared statement in /srv/www/htdocs/monitor/svg_viewer/admin/ind_bearb.php on line 212
[20-May-2019 15:58:18 UTC] PHP Warning:  mysqli_stmt_bind_result(): Number of bind variables doesn't match number of fields in prepared statement in /srv/www/htdocs/monitor/svg_viewer/admin/ind_bearb.php on line 212
[20-May-2019 15:59:05 UTC] PHP Warning:  mysqli_stmt_bind_result(): Number of bind variables doesn't match number of fields in prepared statement in /srv/www/htdocs/monitor/svg_viewer/admin/ind_bearb.php on line 212
[20-May-2019 15:59:15 UTC] PHP Warning:  mysqli_stmt_bind_result(): Number of bind variables doesn't match number of fields in prepared statement in /srv/www/htdocs/monitor/svg_viewer/admin/ind_bearb.php on line 212
[20-May-2019 15:59:21 UTC] PHP Warning:  mysqli_stmt_bind_result(): Number of bind variables doesn't match number of fields in prepared statement in /srv/www/htdocs/monitor/svg_viewer/admin/ind_bearb.php on line 212
[20-May-2019 16:01:32 UTC] PHP Warning:  mysqli_stmt_bind_result(): Number of bind variables doesn't match number of fields in prepared statement in /srv/www/htdocs/monitor/svg_viewer/admin/ind_bearb.php on line 212
[20-May-2019 16:01:34 UTC] PHP Warning:  mysqli_stmt_bind_result(): Number of bind variables doesn't match number of fields in prepared statement in /srv/www/htdocs/monitor/svg_viewer/admin/ind_bearb.php on line 212
[20-May-2019 16:02:03 UTC] PHP Warning:  mysqli_stmt_bind_result(): Number of bind variables doesn't match number of fields in prepared statement in /srv/www/htdocs/monitor/svg_viewer/admin/ind_bearb.php on line 212
[20-May-2019 16:02:07 UTC] PHP Warning:  mysqli_stmt_bind_result(): Number of bind variables doesn't match number of fields in prepared statement in /srv/www/htdocs/monitor/svg_viewer/admin/ind_bearb.php on line 212
[20-May-2019 16:03:28 UTC] PHP Warning:  mysqli_stmt_bind_result(): Number of bind variables doesn't match number of fields in prepared statement in /srv/www/htdocs/monitor/svg_viewer/admin/ind_bearb.php on line 212
[20-May-2019 16:03:29 UTC] PHP Warning:  mysqli_stmt_bind_result(): Number of bind variables doesn't match number of fields in prepared statement in /srv/www/htdocs/monitor/svg_viewer/admin/ind_bearb.php on line 212
[20-May-2019 16:04:30 UTC] PHP Warning:  mysqli_stmt_bind_result(): Number of bind variables doesn't match number of fields in prepared statement in /srv/www/htdocs/monitor/svg_viewer/admin/ind_bearb.php on line 212
[20-May-2019 16:04:32 UTC] PHP Warning:  mysqli_stmt_bind_result(): Number of bind variables doesn't match number of fields in prepared statement in /srv/www/htdocs/monitor/svg_viewer/admin/ind_bearb.php on line 212
[20-May-2019 16:05:05 UTC] PHP Warning:  mysqli_stmt_bind_result(): Number of bind variables doesn't match number of fields in prepared statement in /srv/www/htdocs/monitor/svg_viewer/admin/ind_bearb.php on line 212
[20-May-2019 16:05:07 UTC] PHP Warning:  mysqli_stmt_bind_result(): Number of bind variables doesn't match number of fields in prepared statement in /srv/www/htdocs/monitor/svg_viewer/admin/ind_bearb.php on line 212
[20-May-2019 16:08:09 UTC] PHP Warning:  mysqli_stmt_bind_result(): Number of bind variables doesn't match number of fields in prepared statement in /srv/www/htdocs/monitor/svg_viewer/admin/ind_bearb.php on line 212
[20-May-2019 16:08:11 UTC] PHP Warning:  mysqli_stmt_bind_result(): Number of bind variables doesn't match number of fields in prepared statement in /srv/www/htdocs/monitor/svg_viewer/admin/ind_bearb.php on line 212
[22-May-2019 14:54:27 UTC] PHP Warning:  mysqli_stmt_bind_result(): Number of bind variables doesn't match number of fields in prepared statement in /srv/www/htdocs/monitor/svg_viewer/admin/ind_bearb.php on line 212
[22-May-2019 14:54:32 UTC] PHP Warning:  mysqli_stmt_bind_result(): Number of bind variables doesn't match number of fields in prepared statement in /srv/www/htdocs/monitor/svg_viewer/admin/ind_bearb.php on line 212
[22-May-2019 14:55:13 UTC] PHP Warning:  mysqli_stmt_bind_result(): Number of bind variables doesn't match number of fields in prepared statement in /srv/www/htdocs/monitor/svg_viewer/admin/ind_bearb.php on line 212
[22-May-2019 14:55:17 UTC] PHP Warning:  mysqli_stmt_bind_result(): Number of bind variables doesn't match number of fields in prepared statement in /srv/www/htdocs/monitor/svg_viewer/admin/ind_bearb.php on line 212
[22-May-2019 14:58:01 UTC] PHP Warning:  mysqli_stmt_bind_result(): Number of bind variables doesn't match number of fields in prepared statement in /srv/www/htdocs/monitor/svg_viewer/admin/ind_bearb.php on line 212
[22-May-2019 14:58:03 UTC] PHP Warning:  mysqli_stmt_bind_result(): Number of bind variables doesn't match number of fields in prepared statement in /srv/www/htdocs/monitor/svg_viewer/admin/ind_bearb.php on line 212
[22-May-2019 14:58:13 UTC] PHP Warning:  mysqli_stmt_bind_result(): Number of bind variables doesn't match number of fields in prepared statement in /srv/www/htdocs/monitor/svg_viewer/admin/ind_bearb.php on line 212
[22-May-2019 14:58:25 UTC] PHP Warning:  mysqli_stmt_bind_result(): Number of bind variables doesn't match number of fields in prepared statement in /srv/www/htdocs/monitor/svg_viewer/admin/ind_bearb.php on line 212
[22-May-2019 15:11:40 UTC] PHP Warning:  mysqli_stmt_bind_result(): Number of bind variables doesn't match number of fields in prepared statement in /srv/www/htdocs/monitor/svg_viewer/admin/ind_bearb.php on line 212
[22-May-2019 15:11:50 UTC] PHP Warning:  mysqli_stmt_bind_result(): Number of bind variables doesn't match number of fields in prepared statement in /srv/www/htdocs/monitor/svg_viewer/admin/ind_bearb.php on line 212
[22-May-2019 15:11:52 UTC] PHP Warning:  mysqli_stmt_bind_result(): Number of bind variables doesn't match number of fields in prepared statement in /srv/www/htdocs/monitor/svg_viewer/admin/ind_bearb.php on line 212
[22-May-2019 15:12:10 UTC] PHP Warning:  mysqli_stmt_bind_result(): Number of bind variables doesn't match number of fields in prepared statement in /srv/www/htdocs/monitor/svg_viewer/admin/ind_bearb.php on line 212
[22-May-2019 15:12:24 UTC] PHP Warning:  mysqli_stmt_bind_result(): Number of bind variables doesn't match number of fields in prepared statement in /srv/www/htdocs/monitor/svg_viewer/admin/ind_bearb.php on line 212
[22-May-2019 15:12:26 UTC] PHP Warning:  mysqli_stmt_bind_result(): Number of bind variables doesn't match number of fields in prepared statement in /srv/www/htdocs/monitor/svg_viewer/admin/ind_bearb.php on line 212
[22-May-2019 15:14:08 UTC] PHP Warning:  mysqli_stmt_bind_result(): Number of bind variables doesn't match number of fields in prepared statement in /srv/www/htdocs/monitor/svg_viewer/admin/ind_bearb.php on line 212
[22-May-2019 15:14:27 UTC] PHP Warning:  mysqli_stmt_bind_result(): Number of bind variables doesn't match number of fields in prepared statement in /srv/www/htdocs/monitor/svg_viewer/admin/ind_bearb.php on line 212
[22-May-2019 15:14:29 UTC] PHP Warning:  mysqli_stmt_bind_result(): Number of bind variables doesn't match number of fields in prepared statement in /srv/www/htdocs/monitor/svg_viewer/admin/ind_bearb.php on line 212
[22-May-2019 15:15:18 UTC] PHP Warning:  mysqli_stmt_bind_result(): Number of bind variables doesn't match number of fields in prepared statement in /srv/www/htdocs/monitor/svg_viewer/admin/ind_bearb.php on line 212
[22-May-2019 15:15:41 UTC] PHP Warning:  mysqli_stmt_bind_result(): Number of bind variables doesn't match number of fields in prepared statement in /srv/www/htdocs/monitor/svg_viewer/admin/ind_bearb.php on line 212
[22-May-2019 15:16:06 UTC] PHP Warning:  mysqli_stmt_bind_result(): Number of bind variables doesn't match number of fields in prepared statement in /srv/www/htdocs/monitor/svg_viewer/admin/ind_bearb.php on line 212
[22-May-2019 15:16:08 UTC] PHP Warning:  mysqli_stmt_bind_result(): Number of bind variables doesn't match number of fields in prepared statement in /srv/www/htdocs/monitor/svg_viewer/admin/ind_bearb.php on line 212
[22-May-2019 15:16:31 UTC] PHP Warning:  mysqli_stmt_bind_result(): Number of bind variables doesn't match number of fields in prepared statement in /srv/www/htdocs/monitor/svg_viewer/admin/ind_bearb.php on line 212
[22-May-2019 15:16:34 UTC] PHP Warning:  mysqli_stmt_bind_result(): Number of bind variables doesn't match number of fields in prepared statement in /srv/www/htdocs/monitor/svg_viewer/admin/ind_bearb.php on line 212
[28-May-2019 12:26:48 UTC] PHP Warning:  mysqli_stmt_bind_result(): Number of bind variables doesn't match number of fields in prepared statement in /srv/www/htdocs/monitor/svg_viewer/admin/ind_bearb.php on line 212
[14-Jun-2019 14:50:09 UTC] PHP Warning:  mysqli_stmt_bind_result(): Number of bind variables doesn't match number of fields in prepared statement in /srv/www/htdocs/monitor/svg_viewer/admin/ind_bearb.php on line 212
[14-Jun-2019 14:51:25 UTC] PHP Warning:  mysqli_stmt_bind_result(): Number of bind variables doesn't match number of fields in prepared statement in /srv/www/htdocs/monitor/svg_viewer/admin/ind_bearb.php on line 212
[14-Jun-2019 14:51:51 UTC] PHP Warning:  mysqli_stmt_bind_result(): Number of bind variables doesn't match number of fields in prepared statement in /srv/www/htdocs/monitor/svg_viewer/admin/ind_bearb.php on line 212
[14-Jun-2019 14:52:48 UTC] PHP Warning:  mysqli_stmt_bind_result(): Number of bind variables doesn't match number of fields in prepared statement in /srv/www/htdocs/monitor/svg_viewer/admin/ind_bearb.php on line 212
[14-Jun-2019 14:53:51 UTC] PHP Warning:  mysqli_stmt_bind_result(): Number of bind variables doesn't match number of fields in prepared statement in /srv/www/htdocs/monitor/svg_viewer/admin/ind_bearb.php on line 212
[30-Jul-2019 07:13:24 UTC] PHP Warning:  mysqli_stmt_bind_result(): Number of bind variables doesn't match number of fields in prepared statement in /srv/www/htdocs/monitor/svg_viewer/admin/ind_bearb.php on line 212
[30-Jul-2019 07:29:43 UTC] PHP Warning:  mysqli_stmt_bind_result(): Number of bind variables doesn't match number of fields in prepared statement in /srv/www/htdocs/monitor/svg_viewer/admin/ind_bearb.php on line 212
[30-Jul-2019 07:37:34 UTC] PHP Warning:  mysqli_stmt_bind_result(): Number of bind variables doesn't match number of fields in prepared statement in /srv/www/htdocs/monitor/svg_viewer/admin/ind_bearb.php on line 212
[30-Jul-2019 07:38:16 UTC] PHP Warning:  mysqli_stmt_bind_result(): Number of bind variables doesn't match number of fields in prepared statement in /srv/www/htdocs/monitor/svg_viewer/admin/ind_bearb.php on line 212
[30-Jul-2019 08:08:24 UTC] PHP Warning:  mysqli_stmt_bind_result(): Number of bind variables doesn't match number of fields in prepared statement in /srv/www/htdocs/monitor/svg_viewer/admin/ind_bearb.php on line 212
[30-Jul-2019 08:09:37 UTC] PHP Warning:  mysqli_stmt_bind_result(): Number of bind variables doesn't match number of fields in prepared statement in /srv/www/htdocs/monitor/svg_viewer/admin/ind_bearb.php on line 212
[30-Jul-2019 08:11:33 UTC] PHP Warning:  mysqli_stmt_bind_result(): Number of bind variables doesn't match number of fields in prepared statement in /srv/www/htdocs/monitor/svg_viewer/admin/ind_bearb.php on line 212
[30-Jul-2019 08:12:02 UTC] PHP Warning:  mysqli_stmt_bind_result(): Number of bind variables doesn't match number of fields in prepared statement in /srv/www/htdocs/monitor/svg_viewer/admin/ind_bearb.php on line 212
[30-Jul-2019 08:15:12 UTC] PHP Warning:  mysqli_stmt_bind_result(): Number of bind variables doesn't match number of fields in prepared statement in /srv/www/htdocs/monitor/svg_viewer/admin/ind_bearb.php on line 212
[30-Jul-2019 08:16:05 UTC] PHP Warning:  mysqli_stmt_bind_result(): Number of bind variables doesn't match number of fields in prepared statement in /srv/www/htdocs/monitor/svg_viewer/admin/ind_bearb.php on line 212
[30-Jul-2019 08:24:42 UTC] PHP Warning:  mysqli_stmt_bind_result(): Number of bind variables doesn't match number of fields in prepared statement in /srv/www/htdocs/monitor/svg_viewer/admin/ind_bearb.php on line 212
[30-Jul-2019 08:25:47 UTC] PHP Warning:  mysqli_stmt_bind_result(): Number of bind variables doesn't match number of fields in prepared statement in /srv/www/htdocs/monitor/svg_viewer/admin/ind_bearb.php on line 212
[30-Jul-2019 08:26:27 UTC] PHP Warning:  mysqli_stmt_bind_result(): Number of bind variables doesn't match number of fields in prepared statement in /srv/www/htdocs/monitor/svg_viewer/admin/ind_bearb.php on line 212
[30-Jul-2019 08:28:17 UTC] PHP Warning:  mysqli_stmt_bind_result(): Number of bind variables doesn't match number of fields in prepared statement in /srv/www/htdocs/monitor/svg_viewer/admin/ind_bearb.php on line 212
[30-Jul-2019 08:29:12 UTC] PHP Warning:  mysqli_stmt_bind_result(): Number of bind variables doesn't match number of fields in prepared statement in /srv/www/htdocs/monitor/svg_viewer/admin/ind_bearb.php on line 212
[30-Jul-2019 08:36:56 UTC] PHP Warning:  mysqli_stmt_bind_result(): Number of bind variables doesn't match number of fields in prepared statement in /srv/www/htdocs/monitor/svg_viewer/admin/ind_bearb.php on line 212
[30-Jul-2019 08:37:35 UTC] PHP Warning:  mysqli_stmt_bind_result(): Number of bind variables doesn't match number of fields in prepared statement in /srv/www/htdocs/monitor/svg_viewer/admin/ind_bearb.php on line 212
[30-Jul-2019 08:38:03 UTC] PHP Warning:  mysqli_stmt_bind_result(): Number of bind variables doesn't match number of fields in prepared statement in /srv/www/htdocs/monitor/svg_viewer/admin/ind_bearb.php on line 212
[30-Jul-2019 08:38:52 UTC] PHP Warning:  mysqli_stmt_bind_result(): Number of bind variables doesn't match number of fields in prepared statement in /srv/www/htdocs/monitor/svg_viewer/admin/ind_bearb.php on line 212
[30-Jul-2019 08:39:20 UTC] PHP Warning:  mysqli_stmt_bind_result(): Number of bind variables doesn't match number of fields in prepared statement in /srv/www/htdocs/monitor/svg_viewer/admin/ind_bearb.php on line 212
